<?xml version="1.0" encoding="UTF-8"?>
<!-- Generated by org.testng.reporters.JUnitXMLReporter -->
<testsuite ignored="0" hostname="DESKTOP-VG9MAAH" failures="0" tests="3" name="Default test" time="114.516" errors="0" timestamp="2023-07-21T21:02:22 IST">
  <testcase classname="Test.LoginTest" name="VerifyLogin" time="9.384"/>
  <testcase classname="Test.ProductTest" name="VerifyProduct" time="84.701"/>
  <testcase classname="Test.CheckoutTest" name="VerifyCheckout" time="9.643"/>
</testsuite> <!-- Default test -->
